19:56:12 DEBUG : Logs will be stored at '/home/antonio/git/vitisMicroPython/IDE.log'.
19:56:14 INFO  : Launching XSCT server: xsct -n  -interactive /home/antonio/git/vitisMicroPython/temp_xsdb_launch_script.tcl
19:56:14 INFO  : Platform repository initialization has completed.
19:56:15 INFO  : Registering command handlers for Vitis TCF services
19:56:19 INFO  : XSCT server has started successfully.
19:56:19 INFO  : Successfully done setting XSCT server connection channel  
19:56:19 INFO  : plnx-install-location is set to ''
19:56:19 INFO  : Successfully done setting workspace for the tool. 
19:56:20 INFO  : Successfully done query RDI_DATADIR 
19:56:45 INFO  : Platform 'hdmi_video_out' is added to custom repositories.
19:57:51 INFO  : Result from executing command 'getProjects': hdmi_video_out
19:57:51 INFO  : Result from executing command 'getPlatforms': hdmi_video_out|/home/antonio/git/vitisMicroPython/hdmi_video_out/export/hdmi_video_out/hdmi_video_out.xpfm
20:01:52 INFO  : Connected to target on host '127.0.0.1' and port '3121'.
20:01:53 INFO  : Jtag cable 'Digilent Zybo Z7 210351AB6EC6A' is selected.
20:01:53 INFO  : 'jtag frequency' command is executed.
20:01:53 INFO  : Context for 'APU' is selected.
20:01:53 INFO  : System reset is completed.
20:01:56 INFO  : 'after 3000' command is executed.
20:01:56 INFO  : 'targets -set -filter {jtag_cable_name =~ "Digilent Zybo Z7 210351AB6EC6A" && level==0 && jtag_device_ctx=="jsn-Zybo Z7-210351AB6EC6A-13722093-0"}' command is executed.
20:01:57 INFO  : Device configured successfully with "/home/antonio/git/vitisMicroPython/micropython/_ide/bitstream/hdmi_video_out.bit"
20:01:57 INFO  : Context for 'APU' is selected.
20:01:58 INFO  : Hardware design and registers information is loaded from '/home/antonio/git/vitisMicroPython/hdmi_video_out/export/hdmi_video_out/hw/hdmi_video_out.xsa'.
20:01:58 INFO  : 'configparams force-mem-access 1' command is executed.
20:01:58 INFO  : Context for 'APU' is selected.
20:01:58 INFO  : Sourcing of '/home/antonio/git/vitisMicroPython/micropython/_ide/psinit/ps7_init.tcl' is done.
20:01:58 INFO  : 'ps7_init' command is executed.
20:01:58 INFO  : 'ps7_post_config' command is executed.
20:01:58 INFO  : Context for processor 'ps7_cortexa9_0' is selected.
20:01:59 INFO  : The application '/home/antonio/git/vitisMicroPython/micropython/Debug/micropython.elf' is downloaded to processor 'ps7_cortexa9_0'.
20:01:59 INFO  : 'configparams force-mem-access 0' command is executed.
20:01:59 INFO  : ----------------XSDB Script----------------
connect -url tcp:127.0.0.1:3121
targets -set -nocase -filter {name =~"APU*"}
rst -system
after 3000
targets -set -filter {jtag_cable_name =~ "Digilent Zybo Z7 210351AB6EC6A" && level==0 && jtag_device_ctx=="jsn-Zybo Z7-210351AB6EC6A-13722093-0"}
fpga -file /home/antonio/git/vitisMicroPython/micropython/_ide/bitstream/hdmi_video_out.bit
targets -set -nocase -filter {name =~"APU*"}
loadhw -hw /home/antonio/git/vitisMicroPython/hdmi_video_out/export/hdmi_video_out/hw/hdmi_video_out.xsa -mem-ranges [list {0x40000000 0xbfffffff}] -regs
configparams force-mem-access 1
targets -set -nocase -filter {name =~"APU*"}
source /home/antonio/git/vitisMicroPython/micropython/_ide/psinit/ps7_init.tcl
ps7_init
ps7_post_config
targets -set -nocase -filter {name =~ "*A9*#0"}
dow /home/antonio/git/vitisMicroPython/micropython/Debug/micropython.elf
configparams force-mem-access 0
----------------End of Script----------------

20:01:59 INFO  : Context for processor 'ps7_cortexa9_0' is selected.
20:01:59 INFO  : 'con' command is executed.
20:01:59 INFO  : ----------------XSDB Script (After Launch)----------------
targets -set -nocase -filter {name =~ "*A9*#0"}
con
----------------End of Script----------------

20:01:59 INFO  : Launch script is exported to file '/home/antonio/git/vitisMicroPython/micropython_system/_ide/scripts/systemdebugger_micropython_system_standalone.tcl'
20:08:49 DEBUG : Logs will be stored at '/home/antonio/git/vitisMicroPython/IDE.log'.
20:08:50 INFO  : Launching XSCT server: xsct -n  -interactive /home/antonio/git/vitisMicroPython/temp_xsdb_launch_script.tcl
20:08:53 INFO  : Platform repository initialization has completed.
20:08:54 INFO  : XSCT server has started successfully.
20:08:54 INFO  : Successfully done setting XSCT server connection channel  
20:08:54 INFO  : plnx-install-location is set to ''
20:08:54 INFO  : Successfully done setting workspace for the tool. 
20:08:54 INFO  : Successfully done query RDI_DATADIR 
20:08:55 INFO  : Registering command handlers for Vitis TCF services
20:12:09 INFO  : Connected to target on host '127.0.0.1' and port '3121'.
20:12:09 INFO  : Jtag cable 'Digilent Zybo Z7 210351AB6EC6A' is selected.
20:12:09 INFO  : 'jtag frequency' command is executed.
20:12:09 INFO  : Context for 'APU' is selected.
20:12:09 INFO  : System reset is completed.
20:12:12 INFO  : 'after 3000' command is executed.
20:12:12 INFO  : 'targets -set -filter {jtag_cable_name =~ "Digilent Zybo Z7 210351AB6EC6A" && level==0 && jtag_device_ctx=="jsn-Zybo Z7-210351AB6EC6A-13722093-0"}' command is executed.
20:12:13 INFO  : Device configured successfully with "/home/antonio/git/vitisMicroPython/micropython/_ide/bitstream/hdmi_video_out.bit"
20:12:14 INFO  : Context for 'APU' is selected.
20:12:14 INFO  : Hardware design and registers information is loaded from '/home/antonio/git/vitisMicroPython/hdmi_video_out/export/hdmi_video_out/hw/hdmi_video_out.xsa'.
20:12:14 INFO  : 'configparams force-mem-access 1' command is executed.
20:12:14 INFO  : Context for 'APU' is selected.
20:12:14 INFO  : Sourcing of '/home/antonio/git/vitisMicroPython/micropython/_ide/psinit/ps7_init.tcl' is done.
20:12:14 INFO  : 'ps7_init' command is executed.
20:12:14 INFO  : 'ps7_post_config' command is executed.
20:12:14 INFO  : Context for processor 'ps7_cortexa9_0' is selected.
20:12:15 INFO  : The application '/home/antonio/git/vitisMicroPython/micropython/Debug/micropython.elf' is downloaded to processor 'ps7_cortexa9_0'.
20:12:15 INFO  : 'configparams force-mem-access 0' command is executed.
20:12:15 INFO  : ----------------XSDB Script----------------
connect -url tcp:127.0.0.1:3121
targets -set -nocase -filter {name =~"APU*"}
rst -system
after 3000
targets -set -filter {jtag_cable_name =~ "Digilent Zybo Z7 210351AB6EC6A" && level==0 && jtag_device_ctx=="jsn-Zybo Z7-210351AB6EC6A-13722093-0"}
fpga -file /home/antonio/git/vitisMicroPython/micropython/_ide/bitstream/hdmi_video_out.bit
targets -set -nocase -filter {name =~"APU*"}
loadhw -hw /home/antonio/git/vitisMicroPython/hdmi_video_out/export/hdmi_video_out/hw/hdmi_video_out.xsa -mem-ranges [list {0x40000000 0xbfffffff}] -regs
configparams force-mem-access 1
targets -set -nocase -filter {name =~"APU*"}
source /home/antonio/git/vitisMicroPython/micropython/_ide/psinit/ps7_init.tcl
ps7_init
ps7_post_config
targets -set -nocase -filter {name =~ "*A9*#0"}
dow /home/antonio/git/vitisMicroPython/micropython/Debug/micropython.elf
configparams force-mem-access 0
----------------End of Script----------------

20:12:15 INFO  : Context for processor 'ps7_cortexa9_0' is selected.
20:12:15 INFO  : 'con' command is executed.
20:12:15 INFO  : ----------------XSDB Script (After Launch)----------------
targets -set -nocase -filter {name =~ "*A9*#0"}
con
----------------End of Script----------------

20:12:15 INFO  : Launch script is exported to file '/home/antonio/git/vitisMicroPython/micropython_system/_ide/scripts/systemdebugger_micropython_system_standalone.tcl'
20:19:21 ERROR : Error while launch xterm: {}
java.io.IOException: Cannot run program "xterm" (in directory "/home/antonio/git/vitisMicroPython"): error=2, No such file or directory
	at java.lang.ProcessBuilder.start(ProcessBuilder.java:1128) ~[?:?]
	at java.lang.ProcessBuilder.start(ProcessBuilder.java:1071) ~[?:?]
	at com.xilinx.ide.tools.console.OpenXBashHandler$1.run(OpenXBashHandler.java:99) ~[?:?]
	at org.eclipse.swt.widgets.RunnableLock.run(RunnableLock.java:40) ~[org.eclipse.swt.gtk.linux.x86_64_3.114.0.v20200304-0601.jar:?]
	at org.eclipse.swt.widgets.Synchronizer.runAsyncMessages(Synchronizer.java:185) ~[org.eclipse.swt.gtk.linux.x86_64_3.114.0.v20200304-0601.jar:?]
	at org.eclipse.swt.widgets.Display.runAsyncMessages(Display.java:4930) ~[org.eclipse.swt.gtk.linux.x86_64_3.114.0.v20200304-0601.jar:?]
	at org.eclipse.swt.widgets.Display.readAndDispatch(Display.java:4451) ~[org.eclipse.swt.gtk.linux.x86_64_3.114.0.v20200304-0601.jar:?]
	at org.eclipse.e4.ui.internal.workbench.swt.PartRenderingEngine$5.run(PartRenderingEngine.java:1160) ~[?:?]
	at org.eclipse.core.databinding.observable.Realm.runWithDefault(Realm.java:338) ~[?:?]
	at org.eclipse.e4.ui.internal.workbench.swt.PartRenderingEngine.run(PartRenderingEngine.java:1049) ~[?:?]
	at org.eclipse.e4.ui.internal.workbench.E4Workbench.createAndRunUI(E4Workbench.java:155) ~[org.eclipse.e4.ui.workbench_1.11.200.v20200205-1503.jar:?]
	at org.eclipse.ui.internal.Workbench.lambda$3(Workbench.java:658) ~[org.eclipse.ui.workbench_3.118.0.v20200222-0719.jar:?]
	at org.eclipse.core.databinding.observable.Realm.runWithDefault(Realm.java:338) [org.eclipse.core.databinding.observable_1.9.0.v20200205-2119.jar:?]
	at org.eclipse.ui.internal.Workbench.createAndRunWorkbench(Workbench.java:557) [org.eclipse.ui.workbench_3.118.0.v20200222-0719.jar:?]
	at org.eclipse.ui.PlatformUI.createAndRunWorkbench(PlatformUI.java:154) [org.eclipse.ui.workbench_3.118.0.v20200222-0719.jar:?]
	at com.xilinx.ide.application.ui.Application.start(Application.java:80) [com.xilinx.ide.application.ui_1.0.0.202210132147.jar:?]
	at org.eclipse.equinox.internal.app.EclipseAppHandle.run(EclipseAppHandle.java:203) [org.eclipse.equinox.app_1.4.400.v20191212-0743.jar:?]
	at org.eclipse.core.runtime.internal.adaptor.EclipseAppLauncher.runApplication(EclipseAppLauncher.java:137) [org.eclipse.osgi_3.15.200.v20200214-1600.jar:?]
	at org.eclipse.core.runtime.internal.adaptor.EclipseAppLauncher.start(EclipseAppLauncher.java:107) [org.eclipse.osgi_3.15.200.v20200214-1600.jar:?]
	at org.eclipse.core.runtime.adaptor.EclipseStarter.run(EclipseStarter.java:401) [org.eclipse.osgi_3.15.200.v20200214-1600.jar:?]
	at org.eclipse.core.runtime.adaptor.EclipseStarter.run(EclipseStarter.java:255) [org.eclipse.osgi_3.15.200.v20200214-1600.jar:?]
	at jdk.internal.reflect.NativeMethodAccessorImpl.invoke0(Native Method) ~[?:?]
	at jdk.internal.reflect.NativeMethodAccessorImpl.invoke(NativeMethodAccessorImpl.java:62) ~[?:?]
	at jdk.internal.reflect.DelegatingMethodAccessorImpl.invoke(DelegatingMethodAccessorImpl.java:43) ~[?:?]
	at java.lang.reflect.Method.invoke(Method.java:566) ~[?:?]
	at org.eclipse.equinox.launcher.Main.invokeFramework(Main.java:657) [org.eclipse.equinox.launcher_1.5.700.v20200207-2156.jar:?]
	at org.eclipse.equinox.launcher.Main.basicRun(Main.java:594) [org.eclipse.equinox.launcher_1.5.700.v20200207-2156.jar:?]
	at org.eclipse.equinox.launcher.Main.run(Main.java:1447) [org.eclipse.equinox.launcher_1.5.700.v20200207-2156.jar:?]
	at org.eclipse.equinox.launcher.Main.main(Main.java:1420) [org.eclipse.equinox.launcher_1.5.700.v20200207-2156.jar:?]
Caused by: java.io.IOException: error=2, No such file or directory
	at java.lang.ProcessImpl.forkAndExec(Native Method) ~[?:?]
	at java.lang.ProcessImpl.<init>(ProcessImpl.java:340) ~[?:?]
	at java.lang.ProcessImpl.start(ProcessImpl.java:271) ~[?:?]
	at java.lang.ProcessBuilder.start(ProcessBuilder.java:1107) ~[?:?]
	... 28 more
20:19:21 ERROR : Error while launch konsole: {}
java.io.IOException: Cannot run program "konsole" (in directory "/home/antonio/git/vitisMicroPython"): error=2, No such file or directory
	at java.lang.ProcessBuilder.start(ProcessBuilder.java:1128) ~[?:?]
	at java.lang.ProcessBuilder.start(ProcessBuilder.java:1071) ~[?:?]
	at com.xilinx.ide.tools.console.OpenXBashHandler$1.run(OpenXBashHandler.java:109) ~[?:?]
	at org.eclipse.swt.widgets.RunnableLock.run(RunnableLock.java:40) ~[org.eclipse.swt.gtk.linux.x86_64_3.114.0.v20200304-0601.jar:?]
	at org.eclipse.swt.widgets.Synchronizer.runAsyncMessages(Synchronizer.java:185) ~[org.eclipse.swt.gtk.linux.x86_64_3.114.0.v20200304-0601.jar:?]
	at org.eclipse.swt.widgets.Display.runAsyncMessages(Display.java:4930) ~[org.eclipse.swt.gtk.linux.x86_64_3.114.0.v20200304-0601.jar:?]
	at org.eclipse.swt.widgets.Display.readAndDispatch(Display.java:4451) ~[org.eclipse.swt.gtk.linux.x86_64_3.114.0.v20200304-0601.jar:?]
	at org.eclipse.e4.ui.internal.workbench.swt.PartRenderingEngine$5.run(PartRenderingEngine.java:1160) ~[?:?]
	at org.eclipse.core.databinding.observable.Realm.runWithDefault(Realm.java:338) ~[?:?]
	at org.eclipse.e4.ui.internal.workbench.swt.PartRenderingEngine.run(PartRenderingEngine.java:1049) ~[?:?]
	at org.eclipse.e4.ui.internal.workbench.E4Workbench.createAndRunUI(E4Workbench.java:155) ~[org.eclipse.e4.ui.workbench_1.11.200.v20200205-1503.jar:?]
	at org.eclipse.ui.internal.Workbench.lambda$3(Workbench.java:658) ~[org.eclipse.ui.workbench_3.118.0.v20200222-0719.jar:?]
	at org.eclipse.core.databinding.observable.Realm.runWithDefault(Realm.java:338) [org.eclipse.core.databinding.observable_1.9.0.v20200205-2119.jar:?]
	at org.eclipse.ui.internal.Workbench.createAndRunWorkbench(Workbench.java:557) [org.eclipse.ui.workbench_3.118.0.v20200222-0719.jar:?]
	at org.eclipse.ui.PlatformUI.createAndRunWorkbench(PlatformUI.java:154) [org.eclipse.ui.workbench_3.118.0.v20200222-0719.jar:?]
	at com.xilinx.ide.application.ui.Application.start(Application.java:80) [com.xilinx.ide.application.ui_1.0.0.202210132147.jar:?]
	at org.eclipse.equinox.internal.app.EclipseAppHandle.run(EclipseAppHandle.java:203) [org.eclipse.equinox.app_1.4.400.v20191212-0743.jar:?]
	at org.eclipse.core.runtime.internal.adaptor.EclipseAppLauncher.runApplication(EclipseAppLauncher.java:137) [org.eclipse.osgi_3.15.200.v20200214-1600.jar:?]
	at org.eclipse.core.runtime.internal.adaptor.EclipseAppLauncher.start(EclipseAppLauncher.java:107) [org.eclipse.osgi_3.15.200.v20200214-1600.jar:?]
	at org.eclipse.core.runtime.adaptor.EclipseStarter.run(EclipseStarter.java:401) [org.eclipse.osgi_3.15.200.v20200214-1600.jar:?]
	at org.eclipse.core.runtime.adaptor.EclipseStarter.run(EclipseStarter.java:255) [org.eclipse.osgi_3.15.200.v20200214-1600.jar:?]
	at jdk.internal.reflect.NativeMethodAccessorImpl.invoke0(Native Method) ~[?:?]
	at jdk.internal.reflect.NativeMethodAccessorImpl.invoke(NativeMethodAccessorImpl.java:62) ~[?:?]
	at jdk.internal.reflect.DelegatingMethodAccessorImpl.invoke(DelegatingMethodAccessorImpl.java:43) ~[?:?]
	at java.lang.reflect.Method.invoke(Method.java:566) ~[?:?]
	at org.eclipse.equinox.launcher.Main.invokeFramework(Main.java:657) [org.eclipse.equinox.launcher_1.5.700.v20200207-2156.jar:?]
	at org.eclipse.equinox.launcher.Main.basicRun(Main.java:594) [org.eclipse.equinox.launcher_1.5.700.v20200207-2156.jar:?]
	at org.eclipse.equinox.launcher.Main.run(Main.java:1447) [org.eclipse.equinox.launcher_1.5.700.v20200207-2156.jar:?]
	at org.eclipse.equinox.launcher.Main.main(Main.java:1420) [org.eclipse.equinox.launcher_1.5.700.v20200207-2156.jar:?]
Caused by: java.io.IOException: error=2, No such file or directory
	at java.lang.ProcessImpl.forkAndExec(Native Method) ~[?:?]
	at java.lang.ProcessImpl.<init>(ProcessImpl.java:340) ~[?:?]
	at java.lang.ProcessImpl.start(ProcessImpl.java:271) ~[?:?]
	at java.lang.ProcessBuilder.start(ProcessBuilder.java:1107) ~[?:?]
	... 28 more
20:20:08 INFO  : Disconnected from the channel tcfchan#1.
20:20:08 INFO  : Connected to target on host '127.0.0.1' and port '3121'.
20:20:08 INFO  : Jtag cable 'Digilent Zybo Z7 210351AB6EC6A' is selected.
20:20:08 INFO  : 'jtag frequency' command is executed.
20:20:08 INFO  : Context for 'APU' is selected.
20:20:08 INFO  : System reset is completed.
20:20:11 INFO  : 'after 3000' command is executed.
20:20:11 INFO  : 'targets -set -filter {jtag_cable_name =~ "Digilent Zybo Z7 210351AB6EC6A" && level==0 && jtag_device_ctx=="jsn-Zybo Z7-210351AB6EC6A-13722093-0"}' command is executed.
20:20:13 INFO  : Device configured successfully with "/home/antonio/git/vitisMicroPython/micropython/_ide/bitstream/hdmi_video_out.bit"
20:20:13 INFO  : Context for 'APU' is selected.
20:20:16 INFO  : Hardware design and registers information is loaded from '/home/antonio/git/vitisMicroPython/hdmi_video_out/export/hdmi_video_out/hw/hdmi_video_out.xsa'.
20:20:16 INFO  : 'configparams force-mem-access 1' command is executed.
20:20:16 INFO  : Context for 'APU' is selected.
20:20:16 INFO  : Sourcing of '/home/antonio/git/vitisMicroPython/micropython/_ide/psinit/ps7_init.tcl' is done.
20:20:17 INFO  : 'ps7_init' command is executed.
20:20:17 INFO  : 'ps7_post_config' command is executed.
20:20:17 INFO  : Context for processor 'ps7_cortexa9_0' is selected.
20:20:18 INFO  : The application '/home/antonio/git/vitisMicroPython/micropython/Debug/micropython.elf' is downloaded to processor 'ps7_cortexa9_0'.
20:20:18 INFO  : 'configparams force-mem-access 0' command is executed.
20:20:18 INFO  : ----------------XSDB Script----------------
connect -url tcp:127.0.0.1:3121
targets -set -nocase -filter {name =~"APU*"}
rst -system
after 3000
targets -set -filter {jtag_cable_name =~ "Digilent Zybo Z7 210351AB6EC6A" && level==0 && jtag_device_ctx=="jsn-Zybo Z7-210351AB6EC6A-13722093-0"}
fpga -file /home/antonio/git/vitisMicroPython/micropython/_ide/bitstream/hdmi_video_out.bit
targets -set -nocase -filter {name =~"APU*"}
loadhw -hw /home/antonio/git/vitisMicroPython/hdmi_video_out/export/hdmi_video_out/hw/hdmi_video_out.xsa -mem-ranges [list {0x40000000 0xbfffffff}] -regs
configparams force-mem-access 1
targets -set -nocase -filter {name =~"APU*"}
source /home/antonio/git/vitisMicroPython/micropython/_ide/psinit/ps7_init.tcl
ps7_init
ps7_post_config
targets -set -nocase -filter {name =~ "*A9*#0"}
dow /home/antonio/git/vitisMicroPython/micropython/Debug/micropython.elf
configparams force-mem-access 0
----------------End of Script----------------

20:20:18 INFO  : Context for processor 'ps7_cortexa9_0' is selected.
20:20:18 INFO  : 'con' command is executed.
20:20:18 INFO  : ----------------XSDB Script (After Launch)----------------
targets -set -nocase -filter {name =~ "*A9*#0"}
con
----------------End of Script----------------

20:20:18 INFO  : Launch script is exported to file '/home/antonio/git/vitisMicroPython/micropython_system/_ide/scripts/systemdebugger_micropython_system_standalone.tcl'
20:24:18 INFO  : Disconnected from the channel tcfchan#2.
20:24:19 INFO  : XRT server has started successfully on port '4354'
20:24:20 INFO  : Connected to target on host '127.0.0.1' and port '3121'.
20:24:29 INFO  : ----------------XSDB Script----------------
connect -url tcp:127.0.0.1:3121
----------------End of Script----------------

20:24:29 ERROR : Could not find ARM device on the board for connection 'Local'.
Check if the target is in:
1. Split JTAG - No operations are possible with ARM DAP.
2. Non JTAG bootmode - Bootrom may need time to enable DAP.
Please try again.


Troubleshooting hints:
1. Check whether board is connected to system properly.
2. In case of zynq board, check whether Digilent/Xilinx cable switch settings are correct.
3. If you are using Xilinx Platform Cable USB, ensure that status LED is green.
20:24:48 INFO  : Connected to target on host '127.0.0.1' and port '3121'.
20:24:48 INFO  : Jtag cable 'Digilent Zybo Z7 210351AB6EC6A' is selected.
20:24:48 INFO  : 'jtag frequency' command is executed.
20:24:48 INFO  : Context for 'APU' is selected.
20:24:48 INFO  : System reset is completed.
20:24:51 INFO  : 'after 3000' command is executed.
20:24:51 INFO  : 'targets -set -filter {jtag_cable_name =~ "Digilent Zybo Z7 210351AB6EC6A" && level==0 && jtag_device_ctx=="jsn-Zybo Z7-210351AB6EC6A-13722093-0"}' command is executed.
20:24:52 INFO  : Device configured successfully with "/home/antonio/git/vitisMicroPython/micropython/_ide/bitstream/hdmi_video_out.bit"
20:24:52 INFO  : Context for 'APU' is selected.
20:24:56 INFO  : Hardware design and registers information is loaded from '/home/antonio/git/vitisMicroPython/hdmi_video_out/export/hdmi_video_out/hw/hdmi_video_out.xsa'.
20:24:56 INFO  : 'configparams force-mem-access 1' command is executed.
20:24:56 INFO  : Context for 'APU' is selected.
20:24:56 INFO  : Sourcing of '/home/antonio/git/vitisMicroPython/micropython/_ide/psinit/ps7_init.tcl' is done.
20:24:56 INFO  : 'ps7_init' command is executed.
20:24:56 INFO  : 'ps7_post_config' command is executed.
20:24:56 INFO  : Context for processor 'ps7_cortexa9_0' is selected.
20:24:57 INFO  : The application '/home/antonio/git/vitisMicroPython/micropython/Debug/micropython.elf' is downloaded to processor 'ps7_cortexa9_0'.
20:24:57 INFO  : 'configparams force-mem-access 0' command is executed.
20:24:57 INFO  : ----------------XSDB Script----------------
connect -url tcp:127.0.0.1:3121
targets -set -nocase -filter {name =~"APU*"}
rst -system
after 3000
targets -set -filter {jtag_cable_name =~ "Digilent Zybo Z7 210351AB6EC6A" && level==0 && jtag_device_ctx=="jsn-Zybo Z7-210351AB6EC6A-13722093-0"}
fpga -file /home/antonio/git/vitisMicroPython/micropython/_ide/bitstream/hdmi_video_out.bit
targets -set -nocase -filter {name =~"APU*"}
loadhw -hw /home/antonio/git/vitisMicroPython/hdmi_video_out/export/hdmi_video_out/hw/hdmi_video_out.xsa -mem-ranges [list {0x40000000 0xbfffffff}] -regs
configparams force-mem-access 1
targets -set -nocase -filter {name =~"APU*"}
source /home/antonio/git/vitisMicroPython/micropython/_ide/psinit/ps7_init.tcl
ps7_init
ps7_post_config
targets -set -nocase -filter {name =~ "*A9*#0"}
dow /home/antonio/git/vitisMicroPython/micropython/Debug/micropython.elf
configparams force-mem-access 0
----------------End of Script----------------

20:24:57 INFO  : Context for processor 'ps7_cortexa9_0' is selected.
20:24:57 INFO  : 'con' command is executed.
20:24:57 INFO  : ----------------XSDB Script (After Launch)----------------
targets -set -nocase -filter {name =~ "*A9*#0"}
con
----------------End of Script----------------

20:24:57 INFO  : Launch script is exported to file '/home/antonio/git/vitisMicroPython/micropython_system/_ide/scripts/systemdebugger_micropython_system_standalone.tcl'
20:25:57 INFO  : Disconnected from the channel tcfchan#3.
20:27:11 INFO  : Result from executing command 'getProjects': hdmi_video_out
20:27:11 INFO  : Result from executing command 'getPlatforms': hdmi_video_out|/home/antonio/git/vitisMicroPython/hdmi_video_out/export/hdmi_video_out/hdmi_video_out.xpfm
21:50:51 WARN  : Failed to closehw "/home/antonio/git/vitisMicroPython/hdmi_video_out/export/hdmi_video_out/hw/hdmi_video_out.xsa"
Reason: Cannot close hw design '/home/antonio/git/vitisMicroPython/hdmi_video_out/export/hdmi_video_out/hw/hdmi_video_out.xsa'.
Design is not opened in the current session.

21:51:11 INFO  : Connected to target on host '127.0.0.1' and port '3121'.
21:51:11 INFO  : Jtag cable 'Digilent Zybo Z7 210351AB6EC6A' is selected.
21:51:11 INFO  : 'jtag frequency' command is executed.
21:51:11 INFO  : Context for 'APU' is selected.
21:51:11 INFO  : System reset is completed.
21:51:14 INFO  : 'after 3000' command is executed.
21:51:15 INFO  : 'targets -set -filter {jtag_cable_name =~ "Digilent Zybo Z7 210351AB6EC6A" && level==0 && jtag_device_ctx=="jsn-Zybo Z7-210351AB6EC6A-13722093-0"}' command is executed.
21:51:16 INFO  : Device configured successfully with "/home/antonio/git/vitisMicroPython/micropython/_ide/bitstream/hdmi_video_out.bit"
21:51:16 INFO  : Context for 'APU' is selected.
21:51:16 INFO  : Hardware design and registers information is loaded from '/home/antonio/git/vitisMicroPython/hdmi_video_out/export/hdmi_video_out/hw/hdmi_video_out.xsa'.
21:51:16 INFO  : 'configparams force-mem-access 1' command is executed.
21:51:16 INFO  : Context for 'APU' is selected.
21:51:16 INFO  : Sourcing of '/home/antonio/git/vitisMicroPython/micropython/_ide/psinit/ps7_init.tcl' is done.
21:51:16 INFO  : 'ps7_init' command is executed.
21:51:17 INFO  : 'ps7_post_config' command is executed.
21:51:17 INFO  : Context for processor 'ps7_cortexa9_0' is selected.
21:51:17 INFO  : The application '/home/antonio/git/vitisMicroPython/micropython/Debug/micropython.elf' is downloaded to processor 'ps7_cortexa9_0'.
21:51:17 INFO  : 'configparams force-mem-access 0' command is executed.
21:51:17 INFO  : ----------------XSDB Script----------------
connect -url tcp:127.0.0.1:3121
targets -set -nocase -filter {name =~"APU*"}
rst -system
after 3000
targets -set -filter {jtag_cable_name =~ "Digilent Zybo Z7 210351AB6EC6A" && level==0 && jtag_device_ctx=="jsn-Zybo Z7-210351AB6EC6A-13722093-0"}
fpga -file /home/antonio/git/vitisMicroPython/micropython/_ide/bitstream/hdmi_video_out.bit
targets -set -nocase -filter {name =~"APU*"}
loadhw -hw /home/antonio/git/vitisMicroPython/hdmi_video_out/export/hdmi_video_out/hw/hdmi_video_out.xsa -mem-ranges [list {0x40000000 0xbfffffff}] -regs
configparams force-mem-access 1
targets -set -nocase -filter {name =~"APU*"}
source /home/antonio/git/vitisMicroPython/micropython/_ide/psinit/ps7_init.tcl
ps7_init
ps7_post_config
targets -set -nocase -filter {name =~ "*A9*#0"}
dow /home/antonio/git/vitisMicroPython/micropython/Debug/micropython.elf
configparams force-mem-access 0
----------------End of Script----------------

21:51:17 INFO  : Context for processor 'ps7_cortexa9_0' is selected.
21:51:17 INFO  : 'con' command is executed.
21:51:17 INFO  : ----------------XSDB Script (After Launch)----------------
targets -set -nocase -filter {name =~ "*A9*#0"}
con
----------------End of Script----------------

21:51:17 INFO  : Launch script is exported to file '/home/antonio/git/vitisMicroPython/micropython_system/_ide/scripts/systemdebugger_micropython_system_standalone.tcl'
21:53:21 INFO  : Disconnected from the channel tcfchan#6.
21:53:21 INFO  : Connected to target on host '127.0.0.1' and port '3121'.
21:53:21 INFO  : Jtag cable 'Digilent Zybo Z7 210351AB6EC6A' is selected.
21:53:21 INFO  : 'jtag frequency' command is executed.
21:53:21 INFO  : Context for 'APU' is selected.
21:53:21 INFO  : System reset is completed.
21:53:24 INFO  : 'after 3000' command is executed.
21:53:24 INFO  : 'targets -set -filter {jtag_cable_name =~ "Digilent Zybo Z7 210351AB6EC6A" && level==0 && jtag_device_ctx=="jsn-Zybo Z7-210351AB6EC6A-13722093-0"}' command is executed.
21:53:26 INFO  : Device configured successfully with "/home/antonio/git/vitisMicroPython/micropython/_ide/bitstream/hdmi_video_out.bit"
21:53:26 INFO  : Context for 'APU' is selected.
21:53:26 INFO  : Hardware design and registers information is loaded from '/home/antonio/git/vitisMicroPython/hdmi_video_out/export/hdmi_video_out/hw/hdmi_video_out.xsa'.
21:53:26 INFO  : 'configparams force-mem-access 1' command is executed.
21:53:26 INFO  : Context for 'APU' is selected.
21:53:26 INFO  : Sourcing of '/home/antonio/git/vitisMicroPython/micropython/_ide/psinit/ps7_init.tcl' is done.
21:53:26 INFO  : 'ps7_init' command is executed.
21:53:26 INFO  : 'ps7_post_config' command is executed.
21:53:26 INFO  : Context for processor 'ps7_cortexa9_0' is selected.
21:53:27 INFO  : The application '/home/antonio/git/vitisMicroPython/micropython/Debug/micropython.elf' is downloaded to processor 'ps7_cortexa9_0'.
21:53:27 INFO  : 'configparams force-mem-access 0' command is executed.
21:53:27 INFO  : ----------------XSDB Script----------------
connect -url tcp:127.0.0.1:3121
targets -set -nocase -filter {name =~"APU*"}
rst -system
after 3000
targets -set -filter {jtag_cable_name =~ "Digilent Zybo Z7 210351AB6EC6A" && level==0 && jtag_device_ctx=="jsn-Zybo Z7-210351AB6EC6A-13722093-0"}
fpga -file /home/antonio/git/vitisMicroPython/micropython/_ide/bitstream/hdmi_video_out.bit
targets -set -nocase -filter {name =~"APU*"}
loadhw -hw /home/antonio/git/vitisMicroPython/hdmi_video_out/export/hdmi_video_out/hw/hdmi_video_out.xsa -mem-ranges [list {0x40000000 0xbfffffff}] -regs
configparams force-mem-access 1
targets -set -nocase -filter {name =~"APU*"}
source /home/antonio/git/vitisMicroPython/micropython/_ide/psinit/ps7_init.tcl
ps7_init
ps7_post_config
targets -set -nocase -filter {name =~ "*A9*#0"}
dow /home/antonio/git/vitisMicroPython/micropython/Debug/micropython.elf
configparams force-mem-access 0
----------------End of Script----------------

21:53:27 INFO  : Context for processor 'ps7_cortexa9_0' is selected.
21:53:27 INFO  : 'con' command is executed.
21:53:27 INFO  : ----------------XSDB Script (After Launch)----------------
targets -set -nocase -filter {name =~ "*A9*#0"}
con
----------------End of Script----------------

21:53:27 INFO  : Launch script is exported to file '/home/antonio/git/vitisMicroPython/micropython_system/_ide/scripts/systemdebugger_micropython_system_standalone.tcl'
21:17:11 INFO  : Disconnected from the channel tcfchan#7.
21:17:11 INFO  : Connected to target on host '127.0.0.1' and port '3121'.
21:17:11 INFO  : Jtag cable 'Digilent Zybo Z7 210351AB6EC6A' is selected.
21:17:11 INFO  : 'jtag frequency' command is executed.
21:17:11 INFO  : Context for 'APU' is selected.
21:17:11 INFO  : System reset is completed.
21:17:14 INFO  : 'after 3000' command is executed.
21:17:14 INFO  : 'targets -set -filter {jtag_cable_name =~ "Digilent Zybo Z7 210351AB6EC6A" && level==0 && jtag_device_ctx=="jsn-Zybo Z7-210351AB6EC6A-13722093-0"}' command is executed.
21:17:15 INFO  : Device configured successfully with "/home/antonio/git/vitisMicroPython/micropython/_ide/bitstream/hdmi_video_out.bit"
21:17:15 INFO  : Context for 'APU' is selected.
21:17:16 INFO  : Hardware design and registers information is loaded from '/home/antonio/git/vitisMicroPython/hdmi_video_out/export/hdmi_video_out/hw/hdmi_video_out.xsa'.
21:17:16 INFO  : 'configparams force-mem-access 1' command is executed.
21:17:16 INFO  : Context for 'APU' is selected.
21:17:16 INFO  : Sourcing of '/home/antonio/git/vitisMicroPython/micropython/_ide/psinit/ps7_init.tcl' is done.
21:17:16 INFO  : 'ps7_init' command is executed.
21:17:16 INFO  : 'ps7_post_config' command is executed.
21:17:16 INFO  : Context for processor 'ps7_cortexa9_0' is selected.
21:17:17 INFO  : The application '/home/antonio/git/vitisMicroPython/micropython/Debug/micropython.elf' is downloaded to processor 'ps7_cortexa9_0'.
21:17:17 INFO  : 'configparams force-mem-access 0' command is executed.
21:17:17 INFO  : ----------------XSDB Script----------------
connect -url tcp:127.0.0.1:3121
targets -set -nocase -filter {name =~"APU*"}
rst -system
after 3000
targets -set -filter {jtag_cable_name =~ "Digilent Zybo Z7 210351AB6EC6A" && level==0 && jtag_device_ctx=="jsn-Zybo Z7-210351AB6EC6A-13722093-0"}
fpga -file /home/antonio/git/vitisMicroPython/micropython/_ide/bitstream/hdmi_video_out.bit
targets -set -nocase -filter {name =~"APU*"}
loadhw -hw /home/antonio/git/vitisMicroPython/hdmi_video_out/export/hdmi_video_out/hw/hdmi_video_out.xsa -mem-ranges [list {0x40000000 0xbfffffff}] -regs
configparams force-mem-access 1
targets -set -nocase -filter {name =~"APU*"}
source /home/antonio/git/vitisMicroPython/micropython/_ide/psinit/ps7_init.tcl
ps7_init
ps7_post_config
targets -set -nocase -filter {name =~ "*A9*#0"}
dow /home/antonio/git/vitisMicroPython/micropython/Debug/micropython.elf
configparams force-mem-access 0
----------------End of Script----------------

21:17:17 INFO  : Context for processor 'ps7_cortexa9_0' is selected.
21:17:17 INFO  : 'con' command is executed.
21:17:17 INFO  : ----------------XSDB Script (After Launch)----------------
targets -set -nocase -filter {name =~ "*A9*#0"}
con
----------------End of Script----------------

21:17:17 INFO  : Launch script is exported to file '/home/antonio/git/vitisMicroPython/micropython_system/_ide/scripts/systemdebugger_micropython_system_standalone.tcl'
